<?xml version="1.0" encoding="UTF-8" standalone="no"?>
<!DOCTYPE log SYSTEM "logger.dtd">
<log>
<record>
  <date>2025-03-26T09:00:07.765-0300</date>
  <logger>DANIEL PEREIRA DAMIAO</logger>
  <level>FINE</level>
  <message>File 123210982-DANIEL PEREIRA DAMIAO.zip was received. It was sent by DANIEL PEREIRA DAMIAO from IP 192.168.3.3 at 26-03-2025 09*00*07</message>
</record>
</log>
<?xml version="1.0" encoding="UTF-8" standalone="no"?>
<!DOCTYPE log SYSTEM "logger.dtd">
<log>
<record>
  <date>2025-03-27T17:22:24.966-0300</date>
  <logger>DANIEL PEREIRA DAMIAO</logger>
  <level>FINE</level>
  <message>File 123210982-DANIEL PEREIRA DAMIAO.zip was received. It was sent by DANIEL PEREIRA DAMIAO from IP 192.168.3.3 at 27-03-2025 17*22*24</message>
</record>
</log>
<?xml version="1.0" encoding="UTF-8" standalone="no"?>
<!DOCTYPE log SYSTEM "logger.dtd">
<log>
<record>
  <date>2025-03-28T10:12:38.213-0300</date>
  <logger>DANIEL PEREIRA DAMIAO</logger>
  <level>FINE</level>
  <message>File 123210982-DANIEL PEREIRA DAMIAO.zip was received. It was sent by DANIEL PEREIRA DAMIAO from IP 150.165.74.101 at 28-03-2025 10*12*38</message>
</record>
</log>
<?xml version="1.0" encoding="UTF-8" standalone="no"?>
<!DOCTYPE log SYSTEM "logger.dtd">
<log>
<record>
  <date>2025-03-28T10:14:18.943-0300</date>
  <logger>DANIEL PEREIRA DAMIAO</logger>
  <level>FINE</level>
  <message>File 123210982-DANIEL PEREIRA DAMIAO.zip was received. It was sent by DANIEL PEREIRA DAMIAO from IP 150.165.74.101 at 28-03-2025 10*14*18</message>
</record>
</log>
<?xml version="1.0" encoding="UTF-8" standalone="no"?>
<!DOCTYPE log SYSTEM "logger.dtd">
<log>
<record>
  <date>2025-03-28T11:34:29.650-0300</date>
  <logger>DANIEL PEREIRA DAMIAO</logger>
  <level>FINE</level>
  <message>File 123210982-DANIEL PEREIRA DAMIAO.zip was received. It was sent by DANIEL PEREIRA DAMIAO from IP 150.165.74.101 at 28-03-2025 11*34*29</message>
</record>
